<testsuites id="" name="" tests="23" failures="0" skipped="15" errors="4" time="3.8631040000000003">
<testsuite name="global.setup.ts" timestamp="2026-06-10T07:11:36.472Z" hostname="setup" tests="1" failures="0" skipped="0" time="0.8" errors="1">
<testcase name="Global setup for auto login" classname="global.setup.ts" time="0.8">
<system-out>
<![CDATA[
[[ATTACHMENT|global.setup.ts-Global-setup-for-auto-login-setup/test-failed-1.png]]

[[ATTACHMENT|global.setup.ts-Global-setup-for-auto-login-setup/video.webm]]

[[ATTACHMENT|global.setup.ts-Global-setup-for-auto-login-setup/error-context.md]]

[[ATTACHMENT|global.setup.ts-Global-setup-for-auto-login-setup/trace.zip]]
]]>
</system-out>
<error message="Please provide Secret Key for execution" type="Error">
<![CDATA[  [setup] › global.setup.ts:5:5 › Global setup for auto login @ui ──────────────────────────────────

    Error: Please provide Secret Key for execution

       at ../../utils/common-util.ts:15

      13 |             this.secretKey = process.env.SECRET_KEY
      14 |         } else {
    > 15 |             throw new Error("Please provide Secret Key for execution")
         |                   ^
      16 |         }
      17 |     }
      18 |     /**
        at CommonUtils (/var/POC-Jenkins-Kubernetes/utils/common-util.ts:15:19)
        at Object.commonUtils (/var/POC-Jenkins-Kubernetes/fixtures/common-fixture.ts:17:19)

    attachment #1: screenshot (image/png) ──────────────────────────────────────────────────────────
    ../../test-results/global.setup.ts-Global-setup-for-auto-login-setup/test-failed-1.png
    ────────────────────────────────────────────────────────────────────────────────────────────────

    attachment #2: video (video/webm) ──────────────────────────────────────────────────────────────
    ../../test-results/global.setup.ts-Global-setup-for-auto-login-setup/video.webm
    ────────────────────────────────────────────────────────────────────────────────────────────────

    Error Context: ../../test-results/global.setup.ts-Global-setup-for-auto-login-setup/error-context.md

    attachment #4: trace (application/zip) ─────────────────────────────────────────────────────────
    ../../test-results/global.setup.ts-Global-setup-for-auto-login-setup/trace.zip
    Usage:

        npx playwright show-trace ../../test-results/global.setup.ts-Global-setup-for-auto-login-setup/trace.zip

    ────────────────────────────────────────────────────────────────────────────────────────────────
]]>
</error>
</testcase>
</testsuite>
<testsuite name="login-module.spec.ts" timestamp="2026-06-10T07:11:36.472Z" hostname="chromium" tests="3" failures="0" skipped="3" time="0" errors="0">
<testcase name="Verify user cannot login with invalid pass " classname="login-module.spec.ts">
<skipped>
</skipped>
</testcase>
<testcase name="Verify user cannot login with invalid user " classname="login-module.spec.ts">
<properties>
<property name="Link to the TC form Azure or other platform" value="https://dev.azure.com/ngro/BATS/_workitems/edit/31053/">
</property>
</properties>
<skipped>
</skipped>
</testcase>
<testcase name="Verify user cannot login with both invalid user and pass " classname="login-module.spec.ts">
<skipped>
</skipped>
</testcase>
</testsuite>
<testsuite name="pim-module.spec.ts" timestamp="2026-06-10T07:11:36.472Z" hostname="chromium" tests="1" failures="0" skipped="1" time="0" errors="0">
<testcase name="Add new employee under PIM module " classname="pim-module.spec.ts">
<skipped>
</skipped>
</testcase>
</testsuite>
<testsuite name="visual-testing-module.spec.ts" timestamp="2026-06-10T07:11:36.472Z" hostname="chromium" tests="1" failures="0" skipped="1" time="0" errors="0">
<testcase name="Visual test for logo and left side menu " classname="visual-testing-module.spec.ts">
<skipped>
</skipped>
</testcase>
</testsuite>
<testsuite name="login-module.spec.ts" timestamp="2026-06-10T07:11:36.472Z" hostname="firefox" tests="3" failures="0" skipped="3" time="0" errors="0">
<testcase name="Verify user cannot login with invalid pass " classname="login-module.spec.ts">
<skipped>
</skipped>
</testcase>
<testcase name="Verify user cannot login with invalid user " classname="login-module.spec.ts">
<properties>
<property name="Link to the TC form Azure or other platform" value="https://dev.azure.com/ngro/BATS/_workitems/edit/31053/">
</property>
</properties>
<skipped>
</skipped>
</testcase>
<testcase name="Verify user cannot login with both invalid user and pass " classname="login-module.spec.ts">
<skipped>
</skipped>
</testcase>
</testsuite>
<testsuite name="pim-module.spec.ts" timestamp="2026-06-10T07:11:36.472Z" hostname="firefox" tests="1" failures="0" skipped="1" time="0" errors="0">
<testcase name="Add new employee under PIM module " classname="pim-module.spec.ts">
<skipped>
</skipped>
</testcase>
</testsuite>
<testsuite name="visual-testing-module.spec.ts" timestamp="2026-06-10T07:11:36.472Z" hostname="firefox" tests="1" failures="0" skipped="1" time="0" errors="0">
<testcase name="Visual test for logo and left side menu " classname="visual-testing-module.spec.ts">
<skipped>
</skipped>
</testcase>
</testsuite>
<testsuite name="login-module.spec.ts" timestamp="2026-06-10T07:11:36.472Z" hostname="webkit" tests="3" failures="0" skipped="3" time="0" errors="0">
<testcase name="Verify user cannot login with invalid pass " classname="login-module.spec.ts">
<skipped>
</skipped>
</testcase>
<testcase name="Verify user cannot login with invalid user " classname="login-module.spec.ts">
<properties>
<property name="Link to the TC form Azure or other platform" value="https://dev.azure.com/ngro/BATS/_workitems/edit/31053/">
</property>
</properties>
<skipped>
</skipped>
</testcase>
<testcase name="Verify user cannot login with both invalid user and pass " classname="login-module.spec.ts">
<skipped>
</skipped>
</testcase>
</testsuite>
<testsuite name="pim-module.spec.ts" timestamp="2026-06-10T07:11:36.472Z" hostname="webkit" tests="1" failures="0" skipped="1" time="0" errors="0">
<testcase name="Add new employee under PIM module " classname="pim-module.spec.ts">
<skipped>
</skipped>
</testcase>
</testsuite>
<testsuite name="visual-testing-module.spec.ts" timestamp="2026-06-10T07:11:36.472Z" hostname="webkit" tests="1" failures="0" skipped="1" time="0" errors="0">
<testcase name="Visual test for logo and left side menu " classname="visual-testing-module.spec.ts">
<skipped>
</skipped>
</testcase>
</testsuite>
<testsuite name="../api-test/retful_booker-api-module.spec.ts" timestamp="2026-06-10T07:11:36.472Z" hostname="api-tests" tests="7" failures="0" skipped="0" time="1.534" errors="3">
<testcase name="Retful Booker API Module 1 - verify if user is able to fetch booking IDs" classname="../api-test/retful_booker-api-module.spec.ts" time="0.695">
<properties>
<property name="Test Case link 1" value="http://qmetry.com/testrail/link-to-test-case/1">
</property>
</properties>
<system-out>
<![CDATA[[
  { bookingid: [33m1[39m },   { bookingid: [33m2[39m },   { bookingid: [33m3[39m },   { bookingid: [33m4[39m },
  { bookingid: [33m5[39m },   { bookingid: [33m6[39m },   { bookingid: [33m7[39m },   { bookingid: [33m8[39m },
  { bookingid: [33m9[39m },   { bookingid: [33m10[39m },  { bookingid: [33m11[39m },  { bookingid: [33m12[39m },
  { bookingid: [33m13[39m },  { bookingid: [33m14[39m },  { bookingid: [33m15[39m },  { bookingid: [33m16[39m },
  { bookingid: [33m17[39m },  { bookingid: [33m18[39m },  { bookingid: [33m19[39m },  { bookingid: [33m22[39m },
  { bookingid: [33m23[39m },  { bookingid: [33m24[39m },  { bookingid: [33m25[39m },  { bookingid: [33m26[39m },
  { bookingid: [33m28[39m },  { bookingid: [33m29[39m },  { bookingid: [33m30[39m },  { bookingid: [33m31[39m },
  { bookingid: [33m32[39m },  { bookingid: [33m33[39m },  { bookingid: [33m35[39m },  { bookingid: [33m36[39m },
  { bookingid: [33m37[39m },  { bookingid: [33m38[39m },  { bookingid: [33m39[39m },  { bookingid: [33m41[39m },
  { bookingid: [33m42[39m },  { bookingid: [33m43[39m },  { bookingid: [33m44[39m },  { bookingid: [33m45[39m },
  { bookingid: [33m46[39m },  { bookingid: [33m47[39m },  { bookingid: [33m49[39m },  { bookingid: [33m51[39m },
  { bookingid: [33m52[39m },  { bookingid: [33m53[39m },  { bookingid: [33m54[39m },  { bookingid: [33m55[39m },
  { bookingid: [33m56[39m },  { bookingid: [33m58[39m },  { bookingid: [33m60[39m },  { bookingid: [33m61[39m },
  { bookingid: [33m62[39m },  { bookingid: [33m64[39m },  { bookingid: [33m65[39m },  { bookingid: [33m66[39m },
  { bookingid: [33m67[39m },  { bookingid: [33m68[39m },  { bookingid: [33m69[39m },  { bookingid: [33m71[39m },
  { bookingid: [33m73[39m },  { bookingid: [33m74[39m },  { bookingid: [33m75[39m },  { bookingid: [33m76[39m },
  { bookingid: [33m77[39m },  { bookingid: [33m78[39m },  { bookingid: [33m79[39m },  { bookingid: [33m80[39m },
  { bookingid: [33m83[39m },  { bookingid: [33m84[39m },  { bookingid: [33m85[39m },  { bookingid: [33m86[39m },
  { bookingid: [33m87[39m },  { bookingid: [33m88[39m },  { bookingid: [33m89[39m },  { bookingid: [33m92[39m },
  { bookingid: [33m93[39m },  { bookingid: [33m94[39m },  { bookingid: [33m95[39m },  { bookingid: [33m96[39m },
  { bookingid: [33m97[39m },  { bookingid: [33m99[39m },  { bookingid: [33m100[39m }, { bookingid: [33m101[39m },
  { bookingid: [33m102[39m }, { bookingid: [33m103[39m }, { bookingid: [33m105[39m }, { bookingid: [33m106[39m },
  { bookingid: [33m107[39m }, { bookingid: [33m108[39m }, { bookingid: [33m110[39m }, { bookingid: [33m111[39m },
  { bookingid: [33m112[39m }, { bookingid: [33m114[39m }, { bookingid: [33m115[39m }, { bookingid: [33m118[39m },
  { bookingid: [33m119[39m }, { bookingid: [33m120[39m }, { bookingid: [33m121[39m }, { bookingid: [33m124[39m },
  ... 83 more items
]
]]>
</system-out>
</testcase>
<testcase name="Retful Booker API Module 2- verify if user is able to fetch booking IDs 2" classname="../api-test/retful_booker-api-module.spec.ts" time="0.151">
<properties>
<property name="Test Case link 2" value="http://qmetry.com/testrail/link-to-test-case/2">
</property>
</properties>
<system-out>
<![CDATA[{
  firstname: [32m'John'[39m,
  lastname: [32m'Smith'[39m,
  totalprice: [33m111[39m,
  depositpaid: [33mtrue[39m,
  bookingdates: { checkin: [32m'2018-01-01'[39m, checkout: [32m'2019-01-01'[39m },
  additionalneeds: [32m'Breakfast'[39m
}
]]>
</system-out>
</testcase>
<testcase name="Retful Booker API Module 3- verify if user is able to POST(create)" classname="../api-test/retful_booker-api-module.spec.ts" time="0.271">
<properties>
<property name="Test Case link 3" value="http://qmetry.com/testrail/link-to-test-case/22">
</property>
</properties>
<system-out>
<![CDATA[{
  bookingid: [33m248[39m,
  booking: {
    firstname: [32m'Fane'[39m,
    lastname: [32m'Gatu'[39m,
    totalprice: [33m150[39m,
    depositpaid: [33mtrue[39m,
    bookingdates: { checkin: [32m'2026-01-01'[39m, checkout: [32m'2026-01-10'[39m },
    additionalneeds: [32m'Breakfast'[39m
  }
}
]]>
</system-out>
</testcase>
<testcase name="Retful Booker API Module 4- verify if user is able to PUT(update)" classname="../api-test/retful_booker-api-module.spec.ts" time="0.2">
<properties>
<property name="Test Case link 4" value="http://qmetry.com/testrail/link-to-test-case/4">
</property>
</properties>
<system-out>
<![CDATA[{
  firstname: [32m'Fane2'[39m,
  lastname: [32m'Gatu2'[39m,
  totalprice: [33m150[39m,
  depositpaid: [33mtrue[39m,
  bookingdates: { checkin: [32m'2026-01-01'[39m, checkout: [32m'2026-01-10'[39m },
  additionalneeds: [32m'Breakfast'[39m
}
]]>
</system-out>
</testcase>
<testcase name="Retful Booker API Module 4-1- verify if user is able to PUT(update) with token" classname="../api-test/retful_booker-api-module.spec.ts" time="0.018">
<properties>
<property name="Test Case link 4-1" value="http://qmetry.com/testrail/link-to-test-case/4-1">
</property>
</properties>
<system-out>
<![CDATA[
[[ATTACHMENT|retful_booker-api-module-R-ce14f-le-to-PUT-update-with-token-api-tests/error-context.md]]

[[ATTACHMENT|retful_booker-api-module-R-ce14f-le-to-PUT-update-with-token-api-tests/trace.zip]]
]]>
</system-out>
<error message="Please provide Secret Key for execution" type="Error">
<![CDATA[  [api-tests] › ../api-test/retful_booker-api-module.spec.ts:114:5 › Retful Booker API Module 4-1- verify if user is able to PUT(update) with token @API @UAT 

    Error: Please provide Secret Key for execution

       at ../../utils/common-util.ts:15

      13 |             this.secretKey = process.env.SECRET_KEY
      14 |         } else {
    > 15 |             throw new Error("Please provide Secret Key for execution")
         |                   ^
      16 |         }
      17 |     }
      18 |     /**
        at CommonUtils (/var/POC-Jenkins-Kubernetes/utils/common-util.ts:15:19)
        at CommonApiUtils.createToken (/var/POC-Jenkins-Kubernetes/utils/commonApiUtil.ts:17:31)
        at /var/POC-Jenkins-Kubernetes/tests/api-test/retful_booker-api-module.spec.ts:127:52

    Error Context: ../../test-results/retful_booker-api-module-R-ce14f-le-to-PUT-update-with-token-api-tests/error-context.md

    attachment #2: trace (application/zip) ─────────────────────────────────────────────────────────
    ../../test-results/retful_booker-api-module-R-ce14f-le-to-PUT-update-with-token-api-tests/trace.zip
    Usage:

        npx playwright show-trace ../../test-results/retful_booker-api-module-R-ce14f-le-to-PUT-update-with-token-api-tests/trace.zip

    ────────────────────────────────────────────────────────────────────────────────────────────────
]]>
</error>
</testcase>
<testcase name="Retful Booker API Module 5- verify if user is able to PATCH(update) with token" classname="../api-test/retful_booker-api-module.spec.ts" time="0.174">
<properties>
<property name="Test Case link 5" value="http://qmetry.com/testrail/link-to-test-case/5">
</property>
</properties>
<system-out>
<![CDATA[
[[ATTACHMENT|retful_booker-api-module-R-2a96a--to-PATCH-update-with-token-api-tests/error-context.md]]

[[ATTACHMENT|retful_booker-api-module-R-2a96a--to-PATCH-update-with-token-api-tests/trace.zip]]
]]>
</system-out>
<error message="Please provide Secret Key for execution" type="Error">
<![CDATA[  [api-tests] › ../api-test/retful_booker-api-module.spec.ts:137:5 › Retful Booker API Module 5- verify if user is able to PATCH(update) with token @API @UAT 

    Error: Please provide Secret Key for execution

       at ../../utils/common-util.ts:15

      13 |             this.secretKey = process.env.SECRET_KEY
      14 |         } else {
    > 15 |             throw new Error("Please provide Secret Key for execution")
         |                   ^
      16 |         }
      17 |     }
      18 |     /**
        at CommonUtils (/var/POC-Jenkins-Kubernetes/utils/common-util.ts:15:19)
        at CommonApiUtils.createToken (/var/POC-Jenkins-Kubernetes/utils/commonApiUtil.ts:17:31)
        at /var/POC-Jenkins-Kubernetes/tests/api-test/retful_booker-api-module.spec.ts:150:52

    Error Context: ../../test-results/retful_booker-api-module-R-2a96a--to-PATCH-update-with-token-api-tests/error-context.md

    attachment #2: trace (application/zip) ─────────────────────────────────────────────────────────
    ../../test-results/retful_booker-api-module-R-2a96a--to-PATCH-update-with-token-api-tests/trace.zip
    Usage:

        npx playwright show-trace ../../test-results/retful_booker-api-module-R-2a96a--to-PATCH-update-with-token-api-tests/trace.zip

    ────────────────────────────────────────────────────────────────────────────────────────────────
]]>
</error>
</testcase>
<testcase name="Retful Booker API Module 6- verify if user is able to DELETE with token" classname="../api-test/retful_booker-api-module.spec.ts" time="0.025">
<properties>
<property name="Test Case link 6" value="http://qmetry.com/testrail/link-to-test-case/6">
</property>
</properties>
<system-out>
<![CDATA[
[[ATTACHMENT|retful_booker-api-module-R-1bef1-s-able-to-DELETE-with-token-api-tests/error-context.md]]

[[ATTACHMENT|retful_booker-api-module-R-1bef1-s-able-to-DELETE-with-token-api-tests/trace.zip]]
]]>
</system-out>
<error message="Please provide Secret Key for execution" type="Error">
<![CDATA[  [api-tests] › ../api-test/retful_booker-api-module.spec.ts:160:5 › Retful Booker API Module 6- verify if user is able to DELETE with token @API @UAT 

    Error: Please provide Secret Key for execution

       at ../../utils/common-util.ts:15

      13 |             this.secretKey = process.env.SECRET_KEY
      14 |         } else {
    > 15 |             throw new Error("Please provide Secret Key for execution")
         |                   ^
      16 |         }
      17 |     }
      18 |     /**
        at CommonUtils (/var/POC-Jenkins-Kubernetes/utils/common-util.ts:15:19)
        at CommonApiUtils.createToken (/var/POC-Jenkins-Kubernetes/utils/commonApiUtil.ts:17:31)
        at /var/POC-Jenkins-Kubernetes/tests/api-test/retful_booker-api-module.spec.ts:172:51

    Error Context: ../../test-results/retful_booker-api-module-R-1bef1-s-able-to-DELETE-with-token-api-tests/error-context.md

    attachment #2: trace (application/zip) ─────────────────────────────────────────────────────────
    ../../test-results/retful_booker-api-module-R-1bef1-s-able-to-DELETE-with-token-api-tests/trace.zip
    Usage:

        npx playwright show-trace ../../test-results/retful_booker-api-module-R-1bef1-s-able-to-DELETE-with-token-api-tests/trace.zip

    ────────────────────────────────────────────────────────────────────────────────────────────────
]]>
</error>
</testcase>
</testsuite>
</testsuites>